2015-01-30 13:11:45 [INFO] FrameworkServlet 'dispatcherServlet': initialization started (FrameworkServlet:479)
2015-01-30 13:11:45 [INFO] Refreshing WebApplicationContext for namespace 'dispatcherServlet-servlet': startup date [Fri Jan 30 13:11:45 PST 2015]; parent: Root WebApplicationContext (AbstractApplicationContext:513)
2015-01-30 13:11:45 [INFO] Loading XML bean definitions from URL [file:/D:/Projects/JavaEE/java_blog/target/classes/springConf/servletContext.xml] (XmlBeanDefinitionReader:316)
2015-01-30 13:11:45 [INFO] Loading properties file from file [D:\Projects\JavaEE\java_blog\target\classes\config\deployment.properties] (PropertiesLoaderSupport:172)
2015-01-30 13:11:45 [INFO] Loading properties file from file [D:\Projects\JavaEE\java_blog\target\classes\config\log4j.properties] (PropertiesLoaderSupport:172)
2015-01-30 13:11:45 [INFO] JSR-330 'javax.inject.Inject' annotation found and supported for autowiring (AutowiredAnnotationBeanPostProcessor:141)
2015-01-30 13:11:46 [INFO] FrameworkServlet 'dispatcherServlet': initialization completed in 517 ms (FrameworkServlet:498)
2015-01-30 15:32:41 [INFO] FrameworkServlet 'dispatcherServlet': initialization started (FrameworkServlet:479)
2015-01-30 15:32:41 [INFO] Refreshing WebApplicationContext for namespace 'dispatcherServlet-servlet': startup date [Fri Jan 30 15:32:41 PST 2015]; parent: Root WebApplicationContext (AbstractApplicationContext:513)
2015-01-30 15:32:41 [INFO] Loading XML bean definitions from URL [file:/D:/Projects/JavaEE/java_blog/target/classes/springConf/servletContext.xml] (XmlBeanDefinitionReader:316)
2015-01-30 15:32:41 [INFO] Loading properties file from URL [file:/D:/Projects/JavaEE/java_blog/target/classes/config/deployment.properties] (PropertiesLoaderSupport:172)
2015-01-30 15:32:41 [INFO] JSR-330 'javax.inject.Inject' annotation found and supported for autowiring (AutowiredAnnotationBeanPostProcessor:141)
2015-01-30 15:32:42 [INFO] FrameworkServlet 'dispatcherServlet': initialization completed in 539 ms (FrameworkServlet:498)
2015-01-30 15:35:55 [WARN] No mapping found for HTTP request with URI [/java_blog/INDEX] in DispatcherServlet with name 'dispatcherServlet' (DispatcherServlet:1110)
2015-01-30 15:36:05 [WARN] No mapping found for HTTP request with URI [/java_blog/index] in DispatcherServlet with name 'dispatcherServlet' (DispatcherServlet:1110)
2015-01-30 15:37:32 [INFO] FrameworkServlet 'dispatcherServlet': initialization started (FrameworkServlet:479)
2015-01-30 15:37:32 [INFO] Refreshing WebApplicationContext for namespace 'dispatcherServlet-servlet': startup date [Fri Jan 30 15:37:32 PST 2015]; parent: Root WebApplicationContext (AbstractApplicationContext:513)
2015-01-30 15:37:32 [INFO] Loading XML bean definitions from URL [file:/D:/Projects/JavaEE/java_blog/target/classes/springConf/servletContext.xml] (XmlBeanDefinitionReader:316)
2015-01-30 15:37:32 [INFO] Loading properties file from URL [file:/D:/Projects/JavaEE/java_blog/target/classes/config/deployment.properties] (PropertiesLoaderSupport:172)
2015-01-30 15:37:32 [INFO] JSR-330 'javax.inject.Inject' annotation found and supported for autowiring (AutowiredAnnotationBeanPostProcessor:141)
2015-01-30 15:37:32 [INFO] FrameworkServlet 'dispatcherServlet': initialization completed in 536 ms (FrameworkServlet:498)
2015-01-30 15:37:35 [WARN] No mapping found for HTTP request with URI [/java_blog/index] in DispatcherServlet with name 'dispatcherServlet' (DispatcherServlet:1110)
2015-01-30 15:37:43 [WARN] No mapping found for HTTP request with URI [/java_blog/index.html] in DispatcherServlet with name 'dispatcherServlet' (DispatcherServlet:1110)
2015-01-30 15:39:25 [INFO] FrameworkServlet 'dispatcherServlet': initialization started (FrameworkServlet:479)
2015-01-30 15:39:25 [INFO] Refreshing WebApplicationContext for namespace 'dispatcherServlet-servlet': startup date [Fri Jan 30 15:39:25 PST 2015]; parent: Root WebApplicationContext (AbstractApplicationContext:513)
2015-01-30 15:39:25 [INFO] Loading XML bean definitions from URL [file:/D:/Projects/JavaEE/java_blog/target/classes/springConf/servletContext.xml] (XmlBeanDefinitionReader:316)
2015-01-30 15:39:25 [INFO] Loading properties file from URL [file:/D:/Projects/JavaEE/java_blog/target/classes/config/deployment.properties] (PropertiesLoaderSupport:172)
2015-01-30 15:39:25 [INFO] JSR-330 'javax.inject.Inject' annotation found and supported for autowiring (AutowiredAnnotationBeanPostProcessor:141)
2015-01-30 15:39:25 [INFO] Mapped "{[/index],methods=[],params=[],headers=[],consumes=[],produces=[],custom=[]}" onto public java.lang.String hk.pazu.jb.controller.AdminController.index() (AbstractHandlerMethodMapping:197)
2015-01-30 15:39:25 [INFO] Mapped URL path [/index] onto handler 'adminController' (AbstractUrlHandlerMapping:315)
2015-01-30 15:39:25 [INFO] Mapped URL path [/index.*] onto handler 'adminController' (AbstractUrlHandlerMapping:315)
2015-01-30 15:39:25 [INFO] Mapped URL path [/index/] onto handler 'adminController' (AbstractUrlHandlerMapping:315)
2015-01-30 15:39:25 [INFO] FrameworkServlet 'dispatcherServlet': initialization completed in 559 ms (FrameworkServlet:498)
2015-01-30 15:39:29 [INFO] ================================================================= (WebsiteInterceptor:48)
2015-01-30 15:39:29 [INFO] Server Name: http://localhost:8080 (WebsiteInterceptor:49)
2015-01-30 15:39:29 [INFO] X-FORWARDED-FOR: null (WebsiteInterceptor:51)
2015-01-30 15:39:29 [INFO] Request URL: /java_blog/index.html (WebsiteInterceptor:52)
2015-01-30 15:39:29 [INFO] IP Address: 127.0.0.1 (WebsiteInterceptor:53)
2015-01-30 15:39:29 [INFO] User Agent: Mozilla/5.0 (Windows NT 6.1; WOW64) AppleWebKit/537.36 (KHTML, like Gecko) Chrome/40.0.2214.93 Safari/537.36 (WebsiteInterceptor:54)
2015-01-30 15:39:29 [INFO] SessionId: 047CE0AF8FFCE00D69CFB34B2F31A7AC (WebsiteInterceptor:55)
2015-01-30 15:39:29 [INFO] ================================================================== (WebsiteInterceptor:56)
2015-01-30 15:39:41 [WARN] No mapping found for HTTP request with URI [/java_blog/i] in DispatcherServlet with name 'dispatcherServlet' (DispatcherServlet:1110)
2015-01-30 15:44:43 [INFO] ================================================================= (WebsiteInterceptor:48)
2015-01-30 15:44:43 [INFO] Server Name: http://localhost:8080 (WebsiteInterceptor:49)
2015-01-30 15:44:43 [INFO] X-FORWARDED-FOR: null (WebsiteInterceptor:51)
2015-01-30 15:44:43 [INFO] Request URL: /java_blog/index (WebsiteInterceptor:52)
2015-01-30 15:44:43 [INFO] IP Address: 127.0.0.1 (WebsiteInterceptor:53)
2015-01-30 15:44:43 [INFO] User Agent: Mozilla/5.0 (Windows NT 6.1; WOW64) AppleWebKit/537.36 (KHTML, like Gecko) Chrome/40.0.2214.93 Safari/537.36 (WebsiteInterceptor:54)
2015-01-30 15:44:43 [INFO] SessionId: 047CE0AF8FFCE00D69CFB34B2F31A7AC (WebsiteInterceptor:55)
2015-01-30 15:44:43 [INFO] ================================================================== (WebsiteInterceptor:56)
2015-01-30 15:49:57 [WARN] No mapping found for HTTP request with URI [/java_blog/i] in DispatcherServlet with name 'dispatcherServlet' (DispatcherServlet:1110)
2015-01-30 15:51:36 [WARN] No mapping found for HTTP request with URI [/java_blog/] in DispatcherServlet with name 'dispatcherServlet' (DispatcherServlet:1110)
2015-01-30 15:52:17 [INFO] ================================================================= (WebsiteInterceptor:48)
2015-01-30 15:52:17 [INFO] Server Name: http://localhost:8080 (WebsiteInterceptor:49)
2015-01-30 15:52:17 [INFO] X-FORWARDED-FOR: null (WebsiteInterceptor:51)
2015-01-30 15:52:17 [INFO] Request URL: /java_blog/index. (WebsiteInterceptor:52)
2015-01-30 15:52:17 [INFO] IP Address: 127.0.0.1 (WebsiteInterceptor:53)
2015-01-30 15:52:17 [INFO] User Agent: Mozilla/5.0 (Windows NT 6.1; WOW64) AppleWebKit/537.36 (KHTML, like Gecko) Chrome/40.0.2214.93 Safari/537.36 (WebsiteInterceptor:54)
2015-01-30 15:52:17 [INFO] SessionId: 047CE0AF8FFCE00D69CFB34B2F31A7AC (WebsiteInterceptor:55)
2015-01-30 15:52:17 [INFO] ================================================================== (WebsiteInterceptor:56)
2015-01-30 15:52:21 [INFO] ================================================================= (WebsiteInterceptor:48)
2015-01-30 15:52:21 [INFO] Server Name: http://localhost:8080 (WebsiteInterceptor:49)
2015-01-30 15:52:21 [INFO] X-FORWARDED-FOR: null (WebsiteInterceptor:51)
2015-01-30 15:52:21 [INFO] Request URL: /java_blog/index (WebsiteInterceptor:52)
2015-01-30 15:52:21 [INFO] IP Address: 127.0.0.1 (WebsiteInterceptor:53)
2015-01-30 15:52:21 [INFO] User Agent: Mozilla/5.0 (Windows NT 6.1; WOW64) AppleWebKit/537.36 (KHTML, like Gecko) Chrome/40.0.2214.93 Safari/537.36 (WebsiteInterceptor:54)
2015-01-30 15:52:21 [INFO] SessionId: 047CE0AF8FFCE00D69CFB34B2F31A7AC (WebsiteInterceptor:55)
2015-01-30 15:52:21 [INFO] ================================================================== (WebsiteInterceptor:56)
